#
# There is insufficient memory for the Java Runtime Environment to continue.
# Native memory allocation (mmap) failed to map 16777216 bytes for Failed to commit area from 0x00000000c6300000 to 0x00000000c7300000 of length 16777216.
# Possible reasons:
#   The system is out of physical RAM or swap space
#   The process is running with CompressedOops enabled, and the Java Heap may be blocking the growth of the native heap
# Possible solutions:
#   Reduce memory load on the system
#   Increase physical memory or swap space
#   Check if swap backing store is full
#   Decrease Java heap size (-Xmx/-Xms)
#   Decrease number of Java threads
#   Decrease Java thread stack sizes (-Xss)
#   Set larger code cache with -XX:ReservedCodeCacheSize=
#   JVM is running with Unscaled Compressed Oops mode in which the Java heap is
#     placed in the first 4GB address space. The Java Heap base address is the
#     maximum limit for the native heap growth. Please use -XX:HeapBaseMinAddress
#     to set the Java Heap base and to place the Java Heap above 4GB virtual address.
# This output file may be truncated or incomplete.
#
#  Out of Memory Error (./open/src/hotspot/os/windows/os_windows.cpp:3315), pid=4056, tid=2144
#
# JRE version: Java(TM) SE Runtime Environment (14.0.2+12) (build 14.0.2+12-46)
# Java VM: Java HotSpot(TM) 64-Bit Server VM (14.0.2+12-46, mixed mode, sharing, tiered, compressed oops, g1 gc, windows-amd64)
# No core dump will be written. Minidumps are not enabled by default on client versions of Windows
#

---------------  S U M M A R Y ------------

Command Line: -XX:TieredStopAtLevel=1 -Xverify:none -Dspring.output.ansi.enabled=always -Dcom.sun.management.jmxremote -Dspring.jmx.enabled=true -Dspring.liveBeansView.mbeanDomain -Dspring.application.admin.enabled=true -javaagent:C:\Program Files\JetBrains1\IntelliJ IDEA 2020.1\lib\idea_rt.jar=49390:C:\Program Files\JetBrains1\IntelliJ IDEA 2020.1\bin -Dfile.encoding=UTF-8 com.mock_itsol.mockitsol.MockitsolApplication

Host: Intel(R) Core(TM) i7-4600U CPU @ 2.10GHz, 4 cores, 3G,  Windows 10 , 64 bit Build 19041 (10.0.19041.1023)
Time: Thu Jul  1 16:19:26 2021 SE Asia Standard Time elapsed time: 3 seconds (0d 0h 0m 3s)

---------------  T H R E A D  ---------------

Current thread (0x0000022dc01e5000):  VMThread "VM Thread" [stack: 0x0000006bd6600000,0x0000006bd6700000] [id=2144]

Stack: [0x0000006bd6600000,0x0000006bd6700000]
[error occurred during error reporting (printing stack bounds), id 0xc0000005, EXCEPTION_ACCESS_VIOLATION (0xc0000005) at pc=0x0000022dac8110ad]

Native frames: (J=compiled Java code, j=interpreted, Vv=VM code, C=native code)
V  [jvm.dll+0x5f8a9a]
V  [jvm.dll+0x74247a]
V  [jvm.dll+0x743c2f]
V  [jvm.dll+0x7441d5]
V  [jvm.dll+0x74418b]
V  [jvm.dll+0x5f7f6f]
V  [jvm.dll+0x5f8738]
C  [ntdll.dll+0xa217f]
C  [ntdll.dll+0x51454]
C  [ntdll.dll+0xa0cae]
C  0x0000022dac8110ad

VM_Operation (0x0000006bd76fc0a0): CollectForMetadataAllocation, mode: safepoint, requested by thread 0x0000022dc1840000


---------------  P R O C E S S  ---------------

Threads class SMR info:
_java_thread_list=0x0000022dc25869c0, length=16, elements={
0x0000022da406d000, 0x0000022dc01e7800, 0x0000022dc01ea800, 0x0000022dc0204000,
0x0000022dc0206800, 0x0000022dc0209800, 0x0000022dc020a800, 0x0000022dc023d800,
0x0000022da4127000, 0x0000022dc0f53000, 0x0000022dc0f53800, 0x0000022dc143b000,
0x0000022dc1829000, 0x0000022dc1840000, 0x0000022dc184a000, 0x0000022dc18ad000
}

Java Threads: ( => current thread )
  0x0000022da406d000 JavaThread "main" [_thread_blocked, id=10540, stack(0x0000006bd5f00000,0x0000006bd6000000)]
  0x0000022dc01e7800 JavaThread "Reference Handler" daemon [_thread_blocked, id=10348, stack(0x0000006bd6700000,0x0000006bd6800000)]
  0x0000022dc01ea800 JavaThread "Finalizer" daemon [_thread_blocked, id=10272, stack(0x0000006bd6800000,0x0000006bd6900000)]
  0x0000022dc0204000 JavaThread "Signal Dispatcher" daemon [_thread_blocked, id=9628, stack(0x0000006bd6900000,0x0000006bd6a00000)]
  0x0000022dc0206800 JavaThread "Attach Listener" daemon [_thread_blocked, id=3524, stack(0x0000006bd6a00000,0x0000006bd6b00000)]
  0x0000022dc0209800 JavaThread "Service Thread" daemon [_thread_blocked, id=10888, stack(0x0000006bd6b00000,0x0000006bd6c00000)]
  0x0000022dc020a800 JavaThread "C1 CompilerThread0" daemon [_thread_blocked, id=4708, stack(0x0000006bd6c00000,0x0000006bd6d00000)]
  0x0000022dc023d800 JavaThread "Sweeper thread" daemon [_thread_blocked, id=7172, stack(0x0000006bd6d00000,0x0000006bd6e00000)]
  0x0000022da4127000 JavaThread "Common-Cleaner" daemon [_thread_blocked, id=6656, stack(0x0000006bd6e00000,0x0000006bd6f00000)]
  0x0000022dc0f53000 JavaThread "Monitor Ctrl-Break" daemon [_thread_in_native, id=10220, stack(0x0000006bd6f00000,0x0000006bd7000000)]
  0x0000022dc0f53800 JavaThread "Notification Thread" daemon [_thread_blocked, id=9060, stack(0x0000006bd7000000,0x0000006bd7100000)]
  0x0000022dc143b000 JavaThread "RMI TCP Accept-0" daemon [_thread_in_native, id=2832, stack(0x0000006bd7100000,0x0000006bd7200000)]
  0x0000022dc1829000 JavaThread "Thread-0" [_thread_blocked, id=6032, stack(0x0000006bd7500000,0x0000006bd7600000)]
  0x0000022dc1840000 JavaThread "restartedMain" [_thread_blocked, id=8428, stack(0x0000006bd7600000,0x0000006bd7700000)]
  0x0000022dc184a000 JavaThread "RMI TCP Connection(1)-172.1.2.31" daemon [_thread_in_native, id=2068, stack(0x0000006bd7900000,0x0000006bd7a00000)]
  0x0000022dc18ad000 JavaThread "RMI Scheduler(0)" daemon [_thread_blocked, id=6072, stack(0x0000006bd7a00000,0x0000006bd7b00000)]

Other Threads:
=>0x0000022dc01e5000 VMThread "VM Thread" [stack: 0x0000006bd6600000,0x0000006bd6700000] [id=2144]
  0x0000022dc144f000 WatcherThread [stack: 0x0000006bd7200000,0x0000006bd7300000] [id=980]
  0x0000022da409e000 GCTaskThread "GC Thread#0" [stack: 0x0000006bd6100000,0x0000006bd6200000] [id=10588]
  0x0000022dc147a000 GCTaskThread "GC Thread#1" [stack: 0x0000006bd7300000,0x0000006bd7400000] [id=912]
  0x0000022dc1862000 GCTaskThread "GC Thread#2" [stack: 0x0000006bd7700000,0x0000006bd7800000] [id=8424]
  0x0000022dc1873800 GCTaskThread "GC Thread#3" [stack: 0x0000006bd7800000,0x0000006bd7900000] [id=3144]
  0x0000022da40a8000 ConcurrentGCThread "G1 Main Marker" [stack: 0x0000006bd6200000,0x0000006bd6300000] [id=8512]
  0x0000022da40a9800 ConcurrentGCThread "G1 Conc#0" [stack: 0x0000006bd6300000,0x0000006bd6400000] [id=964]
  0x0000022da40fc000 ConcurrentGCThread "G1 Refine#0" [stack: 0x0000006bd6400000,0x0000006bd6500000] [id=10284]
  0x0000022dc0d61800 ConcurrentGCThread "G1 Refine#1" [stack: 0x0000006bd7400000,0x0000006bd7500000] [id=8208]
  0x0000022da40fd800 ConcurrentGCThread "G1 Young RemSet Sampling" [stack: 0x0000006bd6500000,0x0000006bd6600000] [id=8036]

Threads with active compile tasks:

VM state:at safepoint (normal execution)

VM Mutex/Monitor currently owned by a thread:  ([mutex/lock_event])
[0x0000022da4068070] Threads_lock - owner thread: 0x0000022dc01e5000
[0x0000022da4067a40] Heap_lock - owner thread: 0x0000022dc1840000

Heap address: 0x00000000c1600000, size: 1002 MB, Compressed Oops mode: 32-bit
Narrow klass base: 0x0000000800000000, Narrow klass shift: 3
Compressed class space size: 1073741824 Address: 0x0000000800b30000

Heap:
 garbage-first heap   total 95232K, used 14237K [0x00000000c1600000, 0x0000000100000000)
  region size 1024K, 5 young (5120K), 5 survivors (5120K)
 Metaspace       used 20324K, capacity 21191K, committed 21296K, reserved 1067008K
  class space    used 2823K, capacity 3173K, committed 3200K, reserved 1048576K
Heap Regions: E=young(eden), S=young(survivor), O=old, HS=humongous(starts), HC=humongous(continues), CS=collection set, F=free, OA=open archive, CA=closed archive, TAMS=top-at-mark-start (previous, next)
|   0|0x00000000c1600000, 0x00000000c1700000, 0x00000000c1700000|100%|HS|  |TAMS 0x00000000c1600000, 0x00000000c1700000| Complete 
|   1|0x00000000c1700000, 0x00000000c1800000, 0x00000000c1800000|100%| O|  |TAMS 0x00000000c1700000, 0x00000000c1800000| Untracked 
|   2|0x00000000c1800000, 0x00000000c1900000, 0x00000000c1900000|100%| O|  |TAMS 0x00000000c1800000, 0x00000000c1900000| Untracked 
|   3|0x00000000c1900000, 0x00000000c1a00000, 0x00000000c1a00000|100%| O|  |TAMS 0x00000000c1900000, 0x00000000c1a00000| Untracked 
|   4|0x00000000c1a00000, 0x00000000c1b00000, 0x00000000c1b00000|100%| O|  |TAMS 0x00000000c1a00000, 0x00000000c1b00000| Untracked 
|   5|0x00000000c1b00000, 0x00000000c1c00000, 0x00000000c1c00000|100%| O|  |TAMS 0x00000000c1b00000, 0x00000000c1c00000| Untracked 
|   6|0x00000000c1c00000, 0x00000000c1d00000, 0x00000000c1d00000|100%| O|  |TAMS 0x00000000c1c00000, 0x00000000c1d00000| Untracked 
|   7|0x00000000c1d00000, 0x00000000c1e00000, 0x00000000c1e00000|100%| O|  |TAMS 0x00000000c1d00000, 0x00000000c1e00000| Untracked 
|   8|0x00000000c1e00000, 0x00000000c1f00000, 0x00000000c1f00000|100%| O|  |TAMS 0x00000000c1e00000, 0x00000000c1f00000| Untracked 
|   9|0x00000000c1f00000, 0x00000000c1fc4a00, 0x00000000c2000000| 76%| O|  |TAMS 0x00000000c1f00000, 0x00000000c1fc4a00| Untracked 
|  10|0x00000000c2000000, 0x00000000c2000000, 0x00000000c2100000|  0%| F|  |TAMS 0x00000000c2000000, 0x00000000c2000000| Untracked 
|  11|0x00000000c2100000, 0x00000000c2100000, 0x00000000c2200000|  0%| F|  |TAMS 0x00000000c2100000, 0x00000000c2100000| Untracked 
|  12|0x00000000c2200000, 0x00000000c2200000, 0x00000000c2300000|  0%| F|  |TAMS 0x00000000c2200000, 0x00000000c2200000| Untracked 
|  13|0x00000000c2300000, 0x00000000c2300000, 0x00000000c2400000|  0%| F|  |TAMS 0x00000000c2300000, 0x00000000c2300000| Untracked 
|  14|0x00000000c2400000, 0x00000000c2400000, 0x00000000c2500000|  0%| F|  |TAMS 0x00000000c2400000, 0x00000000c2400000| Untracked 
|  15|0x00000000c2500000, 0x00000000c2500000, 0x00000000c2600000|  0%| F|  |TAMS 0x00000000c2500000, 0x00000000c2500000| Untracked 
|  16|0x00000000c2600000, 0x00000000c2600000, 0x00000000c2700000|  0%| F|  |TAMS 0x00000000c2600000, 0x00000000c2600000| Untracked 
|  17|0x00000000c2700000, 0x00000000c2700000, 0x00000000c2800000|  0%| F|  |TAMS 0x00000000c2700000, 0x00000000c2700000| Untracked 
|  18|0x00000000c2800000, 0x00000000c2800000, 0x00000000c2900000|  0%| F|  |TAMS 0x00000000c2800000, 0x00000000c2800000| Untracked 
|  19|0x00000000c2900000, 0x00000000c2900000, 0x00000000c2a00000|  0%| F|  |TAMS 0x00000000c2900000, 0x00000000c2900000| Untracked 
|  20|0x00000000c2a00000, 0x00000000c2a00000, 0x00000000c2b00000|  0%| F|  |TAMS 0x00000000c2a00000, 0x00000000c2a00000| Untracked 
|  21|0x00000000c2b00000, 0x00000000c2b00000, 0x00000000c2c00000|  0%| F|  |TAMS 0x00000000c2b00000, 0x00000000c2b00000| Untracked 
|  22|0x00000000c2c00000, 0x00000000c2c00000, 0x00000000c2d00000|  0%| F|  |TAMS 0x00000000c2c00000, 0x00000000c2c00000| Untracked 
|  23|0x00000000c2d00000, 0x00000000c2d00000, 0x00000000c2e00000|  0%| F|  |TAMS 0x00000000c2d00000, 0x00000000c2d00000| Untracked 
|  24|0x00000000c2e00000, 0x00000000c2e00000, 0x00000000c2f00000|  0%| F|  |TAMS 0x00000000c2e00000, 0x00000000c2e00000| Untracked 
|  25|0x00000000c2f00000, 0x00000000c2f00000, 0x00000000c3000000|  0%| F|  |TAMS 0x00000000c2f00000, 0x00000000c2f00000| Untracked 
|  26|0x00000000c3000000, 0x00000000c3000000, 0x00000000c3100000|  0%| F|  |TAMS 0x00000000c3000000, 0x00000000c3000000| Untracked 
|  27|0x00000000c3100000, 0x00000000c3100000, 0x00000000c3200000|  0%| F|  |TAMS 0x00000000c3100000, 0x00000000c3100000| Untracked 
|  28|0x00000000c3200000, 0x00000000c3200000, 0x00000000c3300000|  0%| F|  |TAMS 0x00000000c3200000, 0x00000000c3200000| Untracked 
|  29|0x00000000c3300000, 0x00000000c3300000, 0x00000000c3400000|  0%| F|  |TAMS 0x00000000c3300000, 0x00000000c3300000| Untracked 
|  30|0x00000000c3400000, 0x00000000c3400000, 0x00000000c3500000|  0%| F|  |TAMS 0x00000000c3400000, 0x00000000c3400000| Untracked 
|  31|0x00000000c3500000, 0x00000000c3500000, 0x00000000c3600000|  0%| F|  |TAMS 0x00000000c3500000, 0x00000000c3500000| Untracked 
|  32|0x00000000c3600000, 0x00000000c3600000, 0x00000000c3700000|  0%| F|  |TAMS 0x00000000c3600000, 0x00000000c3600000| Untracked 
|  33|0x00000000c3700000, 0x00000000c3700000, 0x00000000c3800000|  0%| F|  |TAMS 0x00000000c3700000, 0x00000000c3700000| Untracked 
|  34|0x00000000c3800000, 0x00000000c3800000, 0x00000000c3900000|  0%| F|  |TAMS 0x00000000c3800000, 0x00000000c3800000| Untracked 
|  35|0x00000000c3900000, 0x00000000c3900000, 0x00000000c3a00000|  0%| F|  |TAMS 0x00000000c3900000, 0x00000000c3900000| Untracked 
|  36|0x00000000c3a00000, 0x00000000c3a00000, 0x00000000c3b00000|  0%| F|  |TAMS 0x00000000c3a00000, 0x00000000c3a00000| Untracked 
|  37|0x00000000c3b00000, 0x00000000c3b00000, 0x00000000c3c00000|  0%| F|  |TAMS 0x00000000c3b00000, 0x00000000c3b00000| Untracked 
|  38|0x00000000c3c00000, 0x00000000c3c00000, 0x00000000c3d00000|  0%| F|  |TAMS 0x00000000c3c00000, 0x00000000c3c00000| Untracked 
|  39|0x00000000c3d00000, 0x00000000c3d00000, 0x00000000c3e00000|  0%| F|  |TAMS 0x00000000c3d00000, 0x00000000c3d00000| Untracked 
|  40|0x00000000c3e00000, 0x00000000c3e00000, 0x00000000c3f00000|  0%| F|  |TAMS 0x00000000c3e00000, 0x00000000c3e00000| Untracked 
|  41|0x00000000c3f00000, 0x00000000c3f00000, 0x00000000c4000000|  0%| F|  |TAMS 0x00000000c3f00000, 0x00000000c3f00000| Untracked 
|  42|0x00000000c4000000, 0x00000000c4000000, 0x00000000c4100000|  0%| F|  |TAMS 0x00000000c4000000, 0x00000000c4000000| Untracked 
|  43|0x00000000c4100000, 0x00000000c4100000, 0x00000000c4200000|  0%| F|  |TAMS 0x00000000c4100000, 0x00000000c4100000| Untracked 
|  44|0x00000000c4200000, 0x00000000c4200000, 0x00000000c4300000|  0%| F|  |TAMS 0x00000000c4200000, 0x00000000c4200000| Untracked 
|  45|0x00000000c4300000, 0x00000000c4300000, 0x00000000c4400000|  0%| F|  |TAMS 0x00000000c4300000, 0x00000000c4300000| Untracked 
|  46|0x00000000c4400000, 0x00000000c4400000, 0x00000000c4500000|  0%| F|  |TAMS 0x00000000c4400000, 0x00000000c4400000| Untracked 
|  47|0x00000000c4500000, 0x00000000c4500000, 0x00000000c4600000|  0%| F|  |TAMS 0x00000000c4500000, 0x00000000c4500000| Untracked 
|  48|0x00000000c4600000, 0x00000000c4600000, 0x00000000c4700000|  0%| F|  |TAMS 0x00000000c4600000, 0x00000000c4600000| Untracked 
|  49|0x00000000c4700000, 0x00000000c4700000, 0x00000000c4800000|  0%| F|  |TAMS 0x00000000c4700000, 0x00000000c4700000| Untracked 
|  50|0x00000000c4800000, 0x00000000c4822b08, 0x00000000c4900000| 13%| S|CS|TAMS 0x00000000c4800000, 0x00000000c4800000| Complete 
|  51|0x00000000c4900000, 0x00000000c4a00000, 0x00000000c4a00000|100%| S|CS|TAMS 0x00000000c4900000, 0x00000000c4900000| Complete 
|  52|0x00000000c4a00000, 0x00000000c4b00000, 0x00000000c4b00000|100%| S|CS|TAMS 0x00000000c4a00000, 0x00000000c4a00000| Complete 
|  53|0x00000000c4b00000, 0x00000000c4c00000, 0x00000000c4c00000|100%| S|CS|TAMS 0x00000000c4b00000, 0x00000000c4b00000| Complete 
|  54|0x00000000c4c00000, 0x00000000c4d00000, 0x00000000c4d00000|100%| S|CS|TAMS 0x00000000c4c00000, 0x00000000c4c00000| Complete 
|  55|0x00000000c4d00000, 0x00000000c4d00000, 0x00000000c4e00000|  0%| F|  |TAMS 0x00000000c4d00000, 0x00000000c4d00000| Untracked 
|  56|0x00000000c4e00000, 0x00000000c4e00000, 0x00000000c4f00000|  0%| F|  |TAMS 0x00000000c4e00000, 0x00000000c4e00000| Untracked 
|  57|0x00000000c4f00000, 0x00000000c4f00000, 0x00000000c5000000|  0%| F|  |TAMS 0x00000000c4f00000, 0x00000000c4f00000| Untracked 
|  58|0x00000000c5000000, 0x00000000c5000000, 0x00000000c5100000|  0%| F|  |TAMS 0x00000000c5000000, 0x00000000c5000000| Untracked 
|  59|0x00000000c5100000, 0x00000000c5100000, 0x00000000c5200000|  0%| F|  |TAMS 0x00000000c5100000, 0x00000000c5100000| Untracked 
|  60|0x00000000c5200000, 0x00000000c5200000, 0x00000000c5300000|  0%| F|  |TAMS 0x00000000c5200000, 0x00000000c5200000| Untracked 
|  61|0x00000000c5300000, 0x00000000c5300000, 0x00000000c5400000|  0%| F|  |TAMS 0x00000000c5300000, 0x00000000c5300000| Untracked 
|  62|0x00000000c5400000, 0x00000000c5400000, 0x00000000c5500000|  0%| F|  |TAMS 0x00000000c5400000, 0x00000000c5400000| Untracked 
|  63|0x00000000c5500000, 0x00000000c5500000, 0x00000000c5600000|  0%| F|  |TAMS 0x00000000c5500000, 0x00000000c5500000| Untracked 
|  64|0x00000000c5600000, 0x00000000c5600000, 0x00000000c5700000|  0%| F|  |TAMS 0x00000000c5600000, 0x00000000c5600000| Untracked 
|  65|0x00000000c5700000, 0x00000000c5700000, 0x00000000c5800000|  0%| F|  |TAMS 0x00000000c5700000, 0x00000000c5700000| Untracked 
|  66|0x00000000c5800000, 0x00000000c5800000, 0x00000000c5900000|  0%| F|  |TAMS 0x00000000c5800000, 0x00000000c5800000| Untracked 
|  67|0x00000000c5900000, 0x00000000c5900000, 0x00000000c5a00000|  0%| F|  |TAMS 0x00000000c5900000, 0x00000000c5900000| Untracked 
|  68|0x00000000c5a00000, 0x00000000c5a00000, 0x00000000c5b00000|  0%| F|  |TAMS 0x00000000c5a00000, 0x00000000c5a00000| Untracked 
|  69|0x00000000c5b00000, 0x00000000c5b00000, 0x00000000c5c00000|  0%| F|  |TAMS 0x00000000c5b00000, 0x00000000c5b00000| Untracked 
|  70|0x00000000c5c00000, 0x00000000c5c00000, 0x00000000c5d00000|  0%| F|  |TAMS 0x00000000c5c00000, 0x00000000c5c00000| Untracked 
|  71|0x00000000c5d00000, 0x00000000c5d00000, 0x00000000c5e00000|  0%| F|  |TAMS 0x00000000c5d00000, 0x00000000c5d00000| Untracked 
|  72|0x00000000c5e00000, 0x00000000c5e00000, 0x00000000c5f00000|  0%| F|  |TAMS 0x00000000c5e00000, 0x00000000c5e00000| Untracked 
|  73|0x00000000c5f00000, 0x00000000c5f00000, 0x00000000c6000000|  0%| F|  |TAMS 0x00000000c5f00000, 0x00000000c5f00000| Untracked 
|  74|0x00000000c6000000, 0x00000000c6000000, 0x00000000c6100000|  0%| F|  |TAMS 0x00000000c6000000, 0x00000000c6000000| Untracked 
|  75|0x00000000c6100000, 0x00000000c6100000, 0x00000000c6200000|  0%| F|  |TAMS 0x00000000c6100000, 0x00000000c6100000| Untracked 
|  76|0x00000000c6200000, 0x00000000c6200000, 0x00000000c6300000|  0%| F|  |TAMS 0x00000000c6200000, 0x00000000c6200000| Untracked 

Card table byte_map: [0x0000022dbba10000,0x0000022dbbc10000] _byte_map_base: 0x0000022dbb405000

Marking Bits (Prev, Next): (CMBitMap*) 0x0000022da409e8f8, (CMBitMap*) 0x0000022da409e938
 Prev Bits: [0x0000022dbbe10000, 0x0000022dbcdb8000)
 Next Bits: [0x0000022dbcdc0000, 0x0000022dbdd68000)

Polling page: 0x0000022da3840000

Metaspace:

Usage:
  Non-class:     17.60 MB capacity,    17.09 MB ( 97%) used,   423.70 KB (  2%) free+waste,    92.81 KB ( <1%) overhead. 
      Class:      3.10 MB capacity,     2.76 MB ( 89%) used,   300.34 KB (  9%) free+waste,    49.50 KB (  2%) overhead. 
       Both:     20.69 MB capacity,    19.85 MB ( 96%) used,   724.05 KB (  3%) free+waste,   142.31 KB ( <1%) overhead. 

Virtual space:
  Non-class space:       18.00 MB reserved,      17.67 MB ( 98%) committed 
      Class space:        1.00 GB reserved,       3.13 MB ( <1%) committed 
             Both:        1.02 GB reserved,      20.80 MB (  2%) committed 

Chunk freelists:
   Non-Class:  30.00 KB
       Class:  27.00 KB
        Both:  57.00 KB

MaxMetaspaceSize: 17179869184.00 GB
CompressedClassSpaceSize: 1.00 GB

CodeHeap 'non-profiled nmethods': size=238912Kb used=5155Kb max_used=5155Kb free=233756Kb
 bounds [0x0000022dacec0000, 0x0000022dad3d0000, 0x0000022dbb810000]
CodeHeap 'non-nmethods': size=6848Kb used=1213Kb max_used=1213Kb free=5634Kb
 bounds [0x0000022dac810000, 0x0000022daca80000, 0x0000022dacec0000]
 total_blobs=3762 nmethods=3281 adapters=408
 compilation: enabled
              stopped_count=0, restarted_count=0
 full_count=0

Compilation events (20 events):
Event: 3.325 Thread 0x0000022dc020a800 3273       1       java.lang.Class::isEnum (27 bytes)
Event: 3.325 Thread 0x0000022dc020a800 nmethod 3273 0x0000022dad3c4010 code [0x0000022dad3c41c0, 0x0000022dad3c4318]
Event: 3.325 Thread 0x0000022dc020a800 3274       1       org.springframework.core.annotation.AttributeMethods::hasNestedAnnotation (5 bytes)
Event: 3.325 Thread 0x0000022dc020a800 nmethod 3274 0x0000022dad3c4390 code [0x0000022dad3c4520, 0x0000022dad3c45f8]
Event: 3.325 Thread 0x0000022dc020a800 3275       1       org.springframework.core.annotation.TypeMappedAnnotations$IsPresent::get (60 bytes)
Event: 3.325 Thread 0x0000022dc020a800 nmethod 3275 0x0000022dad3c4690 code [0x0000022dad3c4840, 0x0000022dad3c4af8]
Event: 3.325 Thread 0x0000022dc020a800 3276       1       org.springframework.core.annotation.AnnotationsProcessor::finish (2 bytes)
Event: 3.325 Thread 0x0000022dc020a800 nmethod 3276 0x0000022dad3c4c10 code [0x0000022dad3c4da0, 0x0000022dad3c4e78]
Event: 3.329 Thread 0x0000022dc020a800 3277   !   1       org.springframework.context.annotation.ConfigurationClassUtils::checkConfigurationClassCandidate (306 bytes)
Event: 3.331 Thread 0x0000022dc020a800 nmethod 3277 0x0000022dad3c4f10 code [0x0000022dad3c5320, 0x0000022dad3c68a8]
Event: 3.331 Thread 0x0000022dc020a800 3278       1       org.springframework.core.type.StandardAnnotationMetadata::isAnnotatedMethod (29 bytes)
Event: 3.331 Thread 0x0000022dc020a800 nmethod 3278 0x0000022dad3c7390 code [0x0000022dad3c7580, 0x0000022dad3c7898]
Event: 3.331 Thread 0x0000022dc020a800 3279       1       org.springframework.boot.autoconfigure.SharedMetadataReaderFactoryContextInitializer$SharedMetadataReaderFactoryBean::getObjectType (3 bytes)
Event: 3.332 Thread 0x0000022dc020a800 nmethod 3279 0x0000022dad3c7b10 code [0x0000022dad3c7ca0, 0x0000022dad3c7d78]
Event: 3.336 Thread 0x0000022dc020a800 3280       1       org.springframework.core.type.classreading.SimpleAnnotationMetadata::getAnnotatedMethods (78 bytes)
Event: 3.336 Thread 0x0000022dc020a800 nmethod 3280 0x0000022dad3c7e10 code [0x0000022dad3c8000, 0x0000022dad3c83a8]
Event: 3.336 Thread 0x0000022dc020a800 3281       1       org.springframework.beans.factory.support.AbstractBeanDefinition::resolveBeanClass (24 bytes)
Event: 3.336 Thread 0x0000022dc020a800 nmethod 3281 0x0000022dad3c8590 code [0x0000022dad3c8740, 0x0000022dad3c89d8]
Event: 3.336 Thread 0x0000022dc020a800 3282       1       org.springframework.context.annotation.ConfigurationClassBeanDefinitionReader$ConfigurationClassBeanDefinition::getFactoryMethodMetadata (5 bytes)
Event: 3.336 Thread 0x0000022dc020a800 nmethod 3282 0x0000022dad3c8b10 code [0x0000022dad3c8ca0, 0x0000022dad3c8d78]

GC Heap History (17 events):
Event: 0.811 GC heap before
{Heap before GC invocations=0 (full 0):
 garbage-first heap   total 65536K, used 13312K [0x00000000c1600000, 0x0000000100000000)
  region size 1024K, 13 young (13312K), 0 survivors (0K)
 Metaspace       used 4933K, capacity 5403K, committed 5632K, reserved 1056768K
  class space    used 597K, capacity 683K, committed 768K, reserved 1048576K
}
Event: 0.819 GC heap after
{Heap after GC invocations=1 (full 0):
 garbage-first heap   total 65536K, used 6796K [0x00000000c1600000, 0x0000000100000000)
  region size 1024K, 2 young (2048K), 2 survivors (2048K)
 Metaspace       used 4933K, capacity 5403K, committed 5632K, reserved 1056768K
  class space    used 597K, capacity 683K, committed 768K, reserved 1048576K
}
Event: 1.027 GC heap before
{Heap before GC invocations=1 (full 0):
 garbage-first heap   total 65536K, used 14988K [0x00000000c1600000, 0x0000000100000000)
  region size 1024K, 10 young (10240K), 2 survivors (2048K)
 Metaspace       used 5933K, capacity 6166K, committed 6272K, reserved 1056768K
  class space    used 728K, capacity 850K, committed 896K, reserved 1048576K
}
Event: 1.033 GC heap after
{Heap after GC invocations=2 (full 0):
 garbage-first heap   total 65536K, used 7994K [0x00000000c1600000, 0x0000000100000000)
  region size 1024K, 2 young (2048K), 2 survivors (2048K)
 Metaspace       used 5933K, capacity 6166K, committed 6272K, reserved 1056768K
  class space    used 728K, capacity 850K, committed 896K, reserved 1048576K
}
Event: 1.162 GC heap before
{Heap before GC invocations=2 (full 0):
 garbage-first heap   total 65536K, used 25402K [0x00000000c1600000, 0x0000000100000000)
  region size 1024K, 20 young (20480K), 2 survivors (2048K)
 Metaspace       used 6850K, capacity 7157K, committed 7424K, reserved 1056768K
  class space    used 846K, capacity 968K, committed 1024K, reserved 1048576K
}
Event: 1.167 GC heap after
{Heap after GC invocations=3 (full 0):
 garbage-first heap   total 65536K, used 8367K [0x00000000c1600000, 0x0000000100000000)
  region size 1024K, 2 young (2048K), 2 survivors (2048K)
 Metaspace       used 6850K, capacity 7157K, committed 7424K, reserved 1056768K
  class space    used 846K, capacity 968K, committed 1024K, reserved 1048576K
}
Event: 1.287 GC heap before
{Heap before GC invocations=3 (full 0):
 garbage-first heap   total 65536K, used 42159K [0x00000000c1600000, 0x0000000100000000)
  region size 1024K, 36 young (36864K), 2 survivors (2048K)
 Metaspace       used 7072K, capacity 7410K, committed 7424K, reserved 1056768K
  class space    used 885K, capacity 1010K, committed 1024K, reserved 1048576K
}
Event: 1.291 GC heap after
{Heap after GC invocations=4 (full 0):
 garbage-first heap   total 65536K, used 8333K [0x00000000c1600000, 0x0000000100000000)
  region size 1024K, 2 young (2048K), 2 survivors (2048K)
 Metaspace       used 7072K, capacity 7410K, committed 7424K, reserved 1056768K
  class space    used 885K, capacity 1010K, committed 1024K, reserved 1048576K
}
Event: 1.913 GC heap before
{Heap before GC invocations=4 (full 0):
 garbage-first heap   total 65536K, used 44173K [0x00000000c1600000, 0x0000000100000000)
  region size 1024K, 38 young (38912K), 2 survivors (2048K)
 Metaspace       used 12350K, capacity 12880K, committed 12928K, reserved 1060864K
  class space    used 1671K, capacity 1879K, committed 1920K, reserved 1048576K
}
Event: 1.919 GC heap after
{Heap after GC invocations=5 (full 0):
 garbage-first heap   total 78848K, used 10223K [0x00000000c1600000, 0x0000000100000000)
  region size 1024K, 4 young (4096K), 4 survivors (4096K)
 Metaspace       used 12350K, capacity 12880K, committed 12928K, reserved 1060864K
  class space    used 1671K, capacity 1879K, committed 1920K, reserved 1048576K
}
Event: 2.418 GC heap before
{Heap before GC invocations=5 (full 0):
 garbage-first heap   total 78848K, used 52207K [0x00000000c1600000, 0x0000000100000000)
  region size 1024K, 46 young (47104K), 4 survivors (4096K)
 Metaspace       used 16131K, capacity 16850K, committed 17152K, reserved 1064960K
  class space    used 2175K, capacity 2457K, committed 2560K, reserved 1048576K
}
Event: 2.425 GC heap after
{Heap after GC invocations=6 (full 0):
 garbage-first heap   total 78848K, used 11691K [0x00000000c1600000, 0x0000000100000000)
  region size 1024K, 4 young (4096K), 4 survivors (4096K)
 Metaspace       used 16131K, capacity 16850K, committed 17152K, reserved 1064960K
  class space    used 2175K, capacity 2457K, committed 2560K, reserved 1048576K
}
Event: 2.542 GC heap before
{Heap before GC invocations=6 (full 0):
 garbage-first heap   total 78848K, used 53675K [0x00000000c1600000, 0x0000000100000000)
  region size 1024K, 46 young (47104K), 4 survivors (4096K)
 Metaspace       used 16863K, capacity 17644K, committed 17792K, reserved 1064960K
  class space    used 2265K, capacity 2573K, committed 2688K, reserved 1048576K
}
Event: 2.548 GC heap after
{Heap after GC invocations=7 (full 0):
 garbage-first heap   total 78848K, used 12372K [0x00000000c1600000, 0x0000000100000000)
  region size 1024K, 3 young (3072K), 3 survivors (3072K)
 Metaspace       used 16863K, capacity 17644K, committed 17792K, reserved 1064960K
  class space    used 2265K, capacity 2573K, committed 2688K, reserved 1048576K
}
Event: 3.042 GC heap before
{Heap before GC invocations=7 (full 0):
 garbage-first heap   total 78848K, used 56404K [0x00000000c1600000, 0x0000000100000000)
  region size 1024K, 46 young (47104K), 3 survivors (3072K)
 Metaspace       used 18900K, capacity 19774K, committed 19840K, reserved 1067008K
  class space    used 2583K, capacity 2937K, committed 2944K, reserved 1048576K
}
Event: 3.047 GC heap after
{Heap after GC invocations=8 (full 0):
 garbage-first heap   total 78848K, used 13188K [0x00000000c1600000, 0x0000000100000000)
  region size 1024K, 4 young (4096K), 4 survivors (4096K)
 Metaspace       used 18900K, capacity 19774K, committed 19840K, reserved 1067008K
  class space    used 2583K, capacity 2937K, committed 2944K, reserved 1048576K
}
Event: 3.343 GC heap before
{Heap before GC invocations=8 (full 0):
 garbage-first heap   total 78848K, used 34692K [0x00000000c1600000, 0x0000000100000000)
  region size 1024K, 26 young (26624K), 4 survivors (4096K)
 Metaspace       used 20324K, capacity 21191K, committed 21296K, reserved 1067008K
  class space    used 2823K, capacity 3173K, committed 3200K, reserved 1048576K
}

Deoptimization events (2 events):
Event: 3.099 Thread 0x0000022dc1840000 DEOPT PACKING pc=0x0000022dad1b3324 sp=0x0000006bd76fc970
Event: 3.099 Thread 0x0000022dc1840000 DEOPT UNPACKING pc=0x0000022dac85964e sp=0x0000006bd76fbee8 mode 0

Classes unloaded (0 events):
No events

Classes redefined (0 events):
No events

Internal exceptions (20 events):
Event: 2.098 Thread 0x0000022dc1840000 Exception <a 'java/lang/ClassNotFoundException'{0x00000000c4e476c0}: org/springframework/beans/factory/config/BeanFactoryPostProcessorCustomizer> (0x00000000c4e476c0) 
thrown [./open/src/hotspot/share/classfile/systemDictionary.cpp, line 226]
Event: 2.099 Thread 0x0000022dc1840000 Exception <a 'java/lang/ClassNotFoundException'{0x00000000c4e5f210}: org/springframework/core/PriorityOrderedCustomizer> (0x00000000c4e5f210) 
thrown [./open/src/hotspot/share/classfile/systemDictionary.cpp, line 226]
Event: 2.100 Thread 0x0000022dc1840000 Exception <a 'java/lang/ClassNotFoundException'{0x00000000c4ec82e0}: org/springframework/core/OrderedCustomizer> (0x00000000c4ec82e0) 
thrown [./open/src/hotspot/share/classfile/systemDictionary.cpp, line 226]
Event: 2.100 Thread 0x0000022dc1840000 Exception <a 'java/lang/ClassNotFoundException'{0x00000000c4ee0d50}: org/springframework/context/ResourceLoaderAwareCustomizer> (0x00000000c4ee0d50) 
thrown [./open/src/hotspot/share/classfile/systemDictionary.cpp, line 226]
Event: 2.101 Thread 0x0000022dc1840000 Exception <a 'java/lang/ClassNotFoundException'{0x00000000c4ef8328}: org/springframework/beans/factory/AwareCustomizer> (0x00000000c4ef8328) 
thrown [./open/src/hotspot/share/classfile/systemDictionary.cpp, line 226]
Event: 2.102 Thread 0x0000022dc1840000 Exception <a 'java/lang/ClassNotFoundException'{0x00000000c4d11038}: org/springframework/context/ApplicationStartupAwareCustomizer> (0x00000000c4d11038) 
thrown [./open/src/hotspot/share/classfile/systemDictionary.cpp, line 226]
Event: 2.103 Thread 0x0000022dc1761800 Exception <a 'java/lang/NoSuchMethodError'{0x00000000c4e99ea0}: 'long java.lang.invoke.DirectMethodHandle$Holder.invokeInterface(java.lang.Object, java.lang.Object)'> (0x00000000c4e99ea0) 
thrown [./open/src/hotspot/share/interpreter/linkResolver.cpp, line 766]
Event: 2.103 Thread 0x0000022dc1761800 Exception <a 'java/lang/IncompatibleClassChangeError'{0x00000000c4e9c9c8}: Found class java.lang.Object, but interface was expected> (0x00000000c4e9c9c8) 
thrown [./open/src/hotspot/share/interpreter/linkResolver.cpp, line 832]
Event: 2.108 Thread 0x0000022dc1840000 Exception <a 'java/lang/ClassNotFoundException'{0x00000000c4d28888}: org/springframework/beans/factory/AwareCustomizer> (0x00000000c4d28888) 
thrown [./open/src/hotspot/share/classfile/systemDictionary.cpp, line 226]
Event: 2.109 Thread 0x0000022dc1840000 Exception <a 'java/lang/ClassNotFoundException'{0x00000000c4d419c8}: org/springframework/beans/factory/BeanClassLoaderAwareCustomizer> (0x00000000c4d419c8) 
thrown [./open/src/hotspot/share/classfile/systemDictionary.cpp, line 226]
Event: 2.109 Thread 0x0000022dc1840000 Exception <a 'java/lang/ClassNotFoundException'{0x00000000c4d58fb8}: org/springframework/beans/factory/AwareCustomizer> (0x00000000c4d58fb8) 
thrown [./open/src/hotspot/share/classfile/systemDictionary.cpp, line 226]
Event: 2.110 Thread 0x0000022dc1840000 Exception <a 'java/lang/ClassNotFoundException'{0x00000000c4c0ae98}: org/springframework/context/EnvironmentAwareCustomizer> (0x00000000c4c0ae98) 
thrown [./open/src/hotspot/share/classfile/systemDictionary.cpp, line 226]
Event: 2.111 Thread 0x0000022dc1840000 Exception <a 'java/lang/ClassNotFoundException'{0x00000000c4c22400}: org/springframework/beans/factory/AwareCustomizer> (0x00000000c4c22400) 
thrown [./open/src/hotspot/share/classfile/systemDictionary.cpp, line 226]
Event: 2.118 Thread 0x0000022dc1761800 Exception <a 'java/lang/NoSuchMethodError'{0x00000000c4cf3a18}: 'java.lang.Object java.lang.invoke.DirectMethodHandle$Holder.invokeVirtual(java.lang.Object, java.lang.Object, java.lang.Object, java.lang.Object)'> (0x00000000c4cf3a18) 
thrown [./open/src/hotspot/share/interpreter/linkResolver.cpp, line 766]
Event: 2.453 Thread 0x0000022dc184a000 Exception <a 'java/lang/reflect/InvocationTargetException'{0x00000000c43f0918}> (0x00000000c43f0918) 
thrown [./open/src/hotspot/share/runtime/reflection.cpp, line 1188]
Event: 2.483 Thread 0x0000022dc1840000 Exception <a 'java/lang/IncompatibleClassChangeError'{0x00000000c3e59dd8}: Found class java.lang.Object, but interface was expected> (0x00000000c3e59dd8) 
thrown [./open/src/hotspot/share/interpreter/linkResolver.cpp, line 832]
Event: 2.505 Thread 0x0000022dc1840000 Exception <a 'java/lang/NoSuchMethodError'{0x00000000c3c93058}: 'void java.lang.invoke.DirectMethodHandle$Holder.invokeInterface(java.lang.Object, java.lang.Object, java.lang.Object, java.lang.Object)'> (0x00000000c3c93058) 
thrown [./open/src/hotspot/share/interpreter/linkResolver.cpp, line 766]
Event: 2.973 Thread 0x0000022dc184a000 Exception <a 'java/lang/reflect/InvocationTargetException'{0x00000000c3e89c80}> (0x00000000c3e89c80) 
thrown [./open/src/hotspot/share/runtime/reflection.cpp, line 1188]
Event: 3.105 Thread 0x0000022dc1840000 Exception <a 'java/lang/NoSuchMethodError'{0x00000000c5f86310}: 'java.lang.Object java.lang.invoke.DirectMethodHandle$Holder.invokeStatic(java.lang.Object, java.lang.Object, java.lang.Object, java.lang.Object, int)'> (0x00000000c5f86310) 
thrown [./open/src/hotspot/share/interpreter/linkResolver.cpp, line 766]
Event: 3.185 Thread 0x0000022dc1840000 Exception <a 'java/lang/NoSuchMethodError'{0x00000000c5ae96e0}: 'java.lang.Object java.lang.invoke.DirectMethodHandle$Holder.invokeSpecialIFC(java.lang.Object, java.lang.Object, java.lang.Object)'> (0x00000000c5ae96e0) 
thrown [./open/src/hotspot/share/interpreter/linkResolver.cpp, line 766]

Events (20 events):
Event: 3.099 Executing VM operation: HandshakeAllThreads done
Event: 3.104 loading class java/util/stream/Streams$RangeIntSpliterator
Event: 3.104 loading class java/util/stream/Streams$RangeIntSpliterator done
Event: 3.105 loading class java/util/stream/IntPipeline$1
Event: 3.105 loading class java/util/stream/IntPipeline$1 done
Event: 3.105 loading class java/util/stream/IntPipeline$1$1
Event: 3.105 loading class java/util/stream/IntPipeline$1$1 done
Event: 3.159 loading class java/util/stream/Streams$ConcatSpliterator$OfRef
Event: 3.159 loading class java/util/stream/Streams$ConcatSpliterator
Event: 3.159 loading class java/util/stream/Streams$ConcatSpliterator done
Event: 3.159 loading class java/util/stream/Streams$ConcatSpliterator$OfRef done
Event: 3.160 loading class java/util/stream/Streams$2
Event: 3.160 loading class java/util/stream/Streams$2 done
Event: 3.192 loading class java/util/stream/ReferencePipeline$11
Event: 3.192 loading class java/util/stream/ReferencePipeline$11 done
Event: 3.193 loading class java/util/stream/ReferencePipeline$11$1
Event: 3.193 loading class java/util/stream/ReferencePipeline$11$1 done
Event: 3.195 Executing VM operation: HandshakeAllThreads
Event: 3.195 Executing VM operation: HandshakeAllThreads done
Event: 3.343 Executing VM operation: CollectForMetadataAllocation


Dynamic libraries:
0x00007ff6fd5b0000 - 0x00007ff6fd5bf000 	C:\Program Files\Java\jdk-14.0.2\bin\java.exe
0x00007ff9efe70000 - 0x00007ff9f0065000 	C:\Windows\SYSTEM32\ntdll.dll
0x00007ff9ee3d0000 - 0x00007ff9ee48d000 	C:\Windows\System32\KERNEL32.DLL
0x00007ff9ed8d0000 - 0x00007ff9edb98000 	C:\Windows\System32\KERNELBASE.dll
0x00007ff9edde0000 - 0x00007ff9edee0000 	C:\Windows\System32\ucrtbase.dll
0x00007ff9e66c0000 - 0x00007ff9e66d8000 	C:\Program Files\Java\jdk-14.0.2\bin\jli.dll
0x00007ff9edfb0000 - 0x00007ff9ee05c000 	C:\Windows\System32\ADVAPI32.dll
0x00007ff9ef5a0000 - 0x00007ff9ef63e000 	C:\Windows\System32\msvcrt.dll
0x00007ff9ee2d0000 - 0x00007ff9ee36b000 	C:\Windows\System32\sechost.dll
0x00007ff9ee060000 - 0x00007ff9ee18b000 	C:\Windows\System32\RPCRT4.dll
0x00007ff9eea00000 - 0x00007ff9eeba0000 	C:\Windows\System32\USER32.dll
0x00007ff9ed8a0000 - 0x00007ff9ed8c2000 	C:\Windows\System32\win32u.dll
0x00007ff9efe00000 - 0x00007ff9efe2a000 	C:\Windows\System32\GDI32.dll
0x00007ff9ed790000 - 0x00007ff9ed89b000 	C:\Windows\System32\gdi32full.dll
0x00007ff9ed6f0000 - 0x00007ff9ed78d000 	C:\Windows\System32\msvcp_win.dll
0x00007ff9db710000 - 0x00007ff9db725000 	C:\Program Files\Java\jdk-14.0.2\bin\VCRUNTIME140.dll
0x00007ff9df250000 - 0x00007ff9df4ea000 	C:\Windows\WinSxS\amd64_microsoft.windows.common-controls_6595b64144ccf1df_6.0.19041.1052_none_60b8f8fd71f5e8cb\COMCTL32.dll
0x00007ff9e4640000 - 0x00007ff9e464a000 	C:\Windows\SYSTEM32\VERSION.dll
0x00007ff9ee660000 - 0x00007ff9ee690000 	C:\Windows\System32\IMM32.DLL
0x00007ff9ce0b0000 - 0x00007ff9ce14b000 	C:\Program Files\Java\jdk-14.0.2\bin\msvcp140.dll
0x00007ff9a34a0000 - 0x00007ff9a3fbe000 	C:\Program Files\Java\jdk-14.0.2\bin\server\jvm.dll
0x00007ff9ee690000 - 0x00007ff9ee698000 	C:\Windows\System32\PSAPI.DLL
0x00007ff9cd2a0000 - 0x00007ff9cd2a9000 	C:\Windows\SYSTEM32\WSOCK32.dll
0x00007ff9eeba0000 - 0x00007ff9eec0b000 	C:\Windows\System32\WS2_32.dll
0x00007ff9e45f0000 - 0x00007ff9e4617000 	C:\Windows\SYSTEM32\WINMM.dll
0x00007ff9eb500000 - 0x00007ff9eb512000 	C:\Windows\SYSTEM32\kernel.appcore.dll
0x00007ff9e8ee0000 - 0x00007ff9e8eea000 	C:\Program Files\Java\jdk-14.0.2\bin\jimage.dll
0x00007ff9d9d70000 - 0x00007ff9d9f54000 	C:\Windows\SYSTEM32\DBGHELP.DLL
0x00007ff9d9770000 - 0x00007ff9d979c000 	C:\Windows\SYSTEM32\dbgcore.DLL
0x00007ff9edd50000 - 0x00007ff9eddd3000 	C:\Windows\System32\bcryptPrimitives.dll
0x00007ff9e8ed0000 - 0x00007ff9e8ede000 	C:\Program Files\Java\jdk-14.0.2\bin\instrument.dll
0x00007ff9db630000 - 0x00007ff9db655000 	C:\Program Files\Java\jdk-14.0.2\bin\java.dll
0x00007ff9db6f0000 - 0x00007ff9db706000 	C:\Program Files\Java\jdk-14.0.2\bin\zip.dll
0x00007ff9eec10000 - 0x00007ff9ef34f000 	C:\Windows\System32\SHELL32.dll
0x00007ff9eb700000 - 0x00007ff9ebe90000 	C:\Windows\SYSTEM32\windows.storage.dll
0x00007ff9ee6a0000 - 0x00007ff9ee9f5000 	C:\Windows\System32\combase.dll
0x00007ff9ed020000 - 0x00007ff9ed04c000 	C:\Windows\SYSTEM32\Wldp.dll
0x00007ff9ee220000 - 0x00007ff9ee2ce000 	C:\Windows\System32\SHCORE.dll
0x00007ff9ee600000 - 0x00007ff9ee655000 	C:\Windows\System32\shlwapi.dll
0x00007ff9ed4f0000 - 0x00007ff9ed50f000 	C:\Windows\SYSTEM32\profapi.dll
0x00007ff9db610000 - 0x00007ff9db629000 	C:\Program Files\Java\jdk-14.0.2\bin\net.dll
0x00007ff9e6580000 - 0x00007ff9e668b000 	C:\Windows\SYSTEM32\WINHTTP.dll
0x00007ff9ecd90000 - 0x00007ff9ecdfa000 	C:\Windows\system32\mswsock.dll
0x00007ff9db5f0000 - 0x00007ff9db602000 	C:\Program Files\Java\jdk-14.0.2\bin\nio.dll
0x00007ff9e8eb0000 - 0x00007ff9e8eca000 	C:\Program Files\JetBrains1\IntelliJ IDEA 2020.1\bin\breakgen64.dll
0x00007ff9eca70000 - 0x00007ff9ecb3c000 	C:\Windows\SYSTEM32\DNSAPI.dll
0x00007ff9eca30000 - 0x00007ff9eca6b000 	C:\Windows\SYSTEM32\IPHLPAPI.DLL
0x00007ff9ee210000 - 0x00007ff9ee218000 	C:\Windows\System32\NSI.dll
0x00007ff9dc510000 - 0x00007ff9dc51a000 	C:\Windows\System32\rasadhlp.dll
0x00007ff9dc8c0000 - 0x00007ff9dc93f000 	C:\Windows\System32\fwpuclnt.dll
0x00007ff9ed660000 - 0x00007ff9ed687000 	C:\Windows\System32\bcrypt.dll
0x00007ff9de5b0000 - 0x00007ff9de5b9000 	C:\Program Files\Java\jdk-14.0.2\bin\management.dll
0x00007ff9de570000 - 0x00007ff9de57b000 	C:\Program Files\Java\jdk-14.0.2\bin\management_ext.dll
0x00007ff9ecf60000 - 0x00007ff9ecf78000 	C:\Windows\SYSTEM32\CRYPTSP.dll
0x00007ff9ec6c0000 - 0x00007ff9ec6f4000 	C:\Windows\system32\rsaenh.dll
0x00007ff9ed4b0000 - 0x00007ff9ed4de000 	C:\Windows\SYSTEM32\USERENV.dll
0x00007ff9ecf80000 - 0x00007ff9ecf8c000 	C:\Windows\SYSTEM32\CRYPTBASE.dll
0x00007ff9e57a0000 - 0x00007ff9e57b7000 	C:\Windows\SYSTEM32\dhcpcsvc6.DLL
0x00007ff9e5a60000 - 0x00007ff9e5a7d000 	C:\Windows\SYSTEM32\dhcpcsvc.DLL
0x00007ff9ce760000 - 0x00007ff9ce777000 	C:\Windows\system32\napinsp.dll
0x00007ff9ce740000 - 0x00007ff9ce75b000 	C:\Windows\system32\pnrpnsp.dll
0x00007ff9ce720000 - 0x00007ff9ce735000 	C:\Windows\system32\wshbth.dll
0x00007ff9e8dd0000 - 0x00007ff9e8ded000 	C:\Windows\system32\NLAapi.dll
0x00007ff9ce5a0000 - 0x00007ff9ce5b2000 	C:\Windows\System32\winrnr.dll

dbghelp: loaded successfully - version: 4.0.5 - missing functions: none
symbol engine: initialized successfully - sym options: 0x614 - pdb path: .;C:\Program Files\Java\jdk-14.0.2\bin;C:\Windows\SYSTEM32;C:\Windows\WinSxS\amd64_microsoft.windows.common-controls_6595b64144ccf1df_6.0.19041.1052_none_60b8f8fd71f5e8cb;C:\Program Files\Java\jdk-14.0.2\bin\server;C:\Program Files\JetBrains1\IntelliJ IDEA 2020.1\bin

VM Arguments:
jvm_args: -XX:TieredStopAtLevel=1 -Xverify:none -Dspring.output.ansi.enabled=always -Dcom.sun.management.jmxremote -Dspring.jmx.enabled=true -Dspring.liveBeansView.mbeanDomain -Dspring.application.admin.enabled=true -javaagent:C:\Program Files\JetBrains1\IntelliJ IDEA 2020.1\lib\idea_rt.jar=49390:C:\Program Files\JetBrains1\IntelliJ IDEA 2020.1\bin -Dfile.encoding=UTF-8 
java_command: com.mock_itsol.mockitsol.MockitsolApplication
java_class_path (initial): D:\Mock\back-end\mockitsol\target\classes;C:\Users\Viet Anh Computer\.m2\repository\org\springframework\boot\spring-boot-starter-data-jdbc\2.5.2\spring-boot-starter-data-jdbc-2.5.2.jar;C:\Users\Viet Anh Computer\.m2\repository\org\springframework\data\spring-data-jdbc\2.2.2\spring-data-jdbc-2.2.2.jar;C:\Users\Viet Anh Computer\.m2\repository\org\springframework\data\spring-data-relational\2.2.2\spring-data-relational-2.2.2.jar;C:\Users\Viet Anh Computer\.m2\repository\org\springframework\data\spring-data-commons\2.5.2\spring-data-commons-2.5.2.jar;C:\Users\Viet Anh Computer\.m2\repository\org\springframework\spring-tx\5.3.8\spring-tx-5.3.8.jar;C:\Users\Viet Anh Computer\.m2\repository\org\springframework\spring-context\5.3.8\spring-context-5.3.8.jar;C:\Users\Viet Anh Computer\.m2\repository\org\springframework\spring-beans\5.3.8\spring-beans-5.3.8.jar;C:\Users\Viet Anh Computer\.m2\repository\org\springframework\boot\spring-boot-starter-data-jpa\2.5.2\spring-boot-starter-data-jpa-2.5.2.jar;C:\Users\Viet Anh Computer\.m2\repository\org\springframework\boot\spring-boot-starter-aop\2.5.2\spring-boot-starter-aop-2.5.2.jar;C:\Users\Viet Anh Computer\.m2\repository\org\aspectj\aspectjweaver\1.9.6\aspectjweaver-1.9.6.jar;C:\Users\Viet Anh Computer\.m2\repository\jakarta\transaction\jakarta.transaction-api\1.3.3\jakarta.transaction-api-1.3.3.jar;C:\Users\Viet Anh Computer\.m2\repository\jakarta\persistence\jakarta.persistence-api\2.2.3\jakarta.persistence-api-2.2.3.jar;C:\Users\Viet Anh Computer\.m2\repository\org\hibernate\hibernate-core\5.4.32.Final\hibernate-core-5.4.32.Final.jar;C:\Users\Viet Anh Computer\.m2\repository\org\jboss\logging\jboss-logging\3.4.2.Final\jboss-logging-3.4.2.Final.jar;C:\Users\Viet Anh Computer\.m2\repository\org\javassist\javassist\3.27.0-GA\javassist-3.27.0-GA.jar;C:\Users\Viet Anh Computer\.m2\repository\net\bytebuddy\byte-buddy\1.10.22\byte-buddy-1.10.22.jar;C:\Users\Viet Anh Computer\.m2\repository\antlr\antlr\2
Launcher Type: SUN_STANDARD

[Global flags]
     intx CICompilerCount                          = 3                                         {product} {ergonomic}
     uint ConcGCThreads                            = 1                                         {product} {ergonomic}
     uint G1ConcRefinementThreads                  = 4                                         {product} {ergonomic}
   size_t G1HeapRegionSize                         = 1048576                                   {product} {ergonomic}
    uintx GCDrainStackTargetSize                   = 64                                        {product} {ergonomic}
   size_t InitialHeapSize                          = 67108864                                  {product} {ergonomic}
     bool ManagementServer                         = true                                      {product} {command line}
   size_t MarkStackSize                            = 4194304                                   {product} {ergonomic}
   size_t MaxHeapSize                              = 1050673152                                {product} {ergonomic}
   size_t MaxNewSize                               = 630194176                                 {product} {ergonomic}
   size_t MinHeapDeltaBytes                        = 1048576                                   {product} {ergonomic}
   size_t MinHeapSize                              = 8388608                                   {product} {ergonomic}
    uintx NonNMethodCodeHeapSize                   = 6973028                                {pd product} {ergonomic}
    uintx NonProfiledCodeHeapSize                  = 244685212                              {pd product} {ergonomic}
    uintx ProfiledCodeHeapSize                     = 0                                      {pd product} {ergonomic}
    uintx ReservedCodeCacheSize                    = 251658240                              {pd product} {ergonomic}
     bool SegmentedCodeCache                       = true                                      {product} {ergonomic}
   size_t SoftMaxHeapSize                          = 1050673152                             {manageable} {ergonomic}
     intx TieredStopAtLevel                        = 1                                         {product} {command line}
     bool UseCompressedClassPointers               = true                                 {lp64_product} {ergonomic}
     bool UseCompressedOops                        = true                                 {lp64_product} {ergonomic}
     bool UseG1GC                                  = true                                      {product} {ergonomic}
     bool UseLargePagesIndividualAllocation        = false                                  {pd product} {ergonomic}

Logging:
Log output configuration:
 #0: stdout all=warning uptime,level,tags
 #1: stderr all=off uptime,level,tags

Environment Variables:
JAVA_HOME=C:\Program Files\Java\jdk1.8.0_191
PATH=C:\Program Files (x86)\Common Files\Oracle\Java\javapath;C:\windows\system32;C:\windows\;C:\Program Files\Git\cmd;C:\ProgramData\chocolatey\bin;C:\Program Files\nodejs\;C:\Users\Viet Anh Computer\AppData\Local\Microsoft\WindowsApps;C:\Program Files\JetBrains\IntelliJ IDEA 2021.1\bin;;C:\Users\Viet Anh Computer\AppData\Local\Programs\Microsoft VS Code\bin;C:\Program Files\Azure Data Studio\bin;C:\Windows\System32\WindowsPowerShell\v1.0;C:\src\flutter\bin;C:\src\flutter;C:\Users\Viet Anh Computer\AppData\Roaming\Microsoft\Windows\Start Menu\Programs\Windows PowerShell;C:\Windows\system32\WindowsPowerShell\v1.0\powershell.exe;C:\tools\dart-sdk\bin;C:\Users\Viet Anh Computer\AppData\Roaming\Pub\Cache\bin;C:\Users\Viet Anh Computer\AppData\Roaming\npm
USERNAME=Viet Anh Computer
OS=Windows_NT
PROCESSOR_IDENTIFIER=Intel64 Family 6 Model 69 Stepping 1, GenuineIntel



---------------  S Y S T E M  ---------------

OS: Windows 10 , 64 bit Build 19041 (10.0.19041.1023)
OS uptime: 0 days 5:57 hours

CPU:total 4 (initial active 4) (2 cores per cpu, 2 threads per core) family 6 model 69 stepping 1, cmov, cx8, fxsr, mmx, sse, sse2, sse3, ssse3, sse4.1, sse4.2, popcnt, avx, avx2, aes, clmul, erms, lzcnt, ht, tsc, tscinvbit, bmi1, bmi2, fma

Memory: 4k page, system-wide physical 4001M (644M free)
TotalPageFile size 8097M (AvailPageFile size 7M)
current process WorkingSet (physical memory assigned to process): 137M, peak: 137M
current process commit charge ("private bytes"): 187M, peak: 202M

vm_info: Java HotSpot(TM) 64-Bit Server VM (14.0.2+12-46) for windows-amd64 JRE (14.0.2+12-46), built on Jul  9 2020 00:35:52 by "mach5one" with MS VC++ 15.9 (VS2017)

END.
